<?xml version="1.0" encoding="UTF-8"?>
<!-- Generated by org.testng.reporters.JUnitReportReporter -->
<testsuite hostname="LAPTOP-BP0AMP3I" failures="0" tests="3" name="functional_tests.PutPatchDelete" time="3.197" errors="0" timestamp="2024-12-15T13:27:51 SGT" skipped="0">
  <testcase classname="functional_tests.PutPatchDelete" name="testDelete" time="2.251"/>
  <testcase classname="functional_tests.PutPatchDelete" name="testPut" time="0.418"/>
  <testcase classname="functional_tests.PutPatchDelete" name="testPatch" time="0.528"/>
</testsuite> <!-- functional_tests.PutPatchDelete -->
