<?xml version="1.0" encoding="UTF-8"?>
<!-- Generated by org.testng.reporters.JUnitReportReporter -->
<testsuite hostname="LAPTOP-BP0AMP3I" failures="0" tests="2" name="functional_tests.testOne" time="3.009" errors="0" timestamp="2024-12-14T16:14:51 SGT" skipped="0">
  <testcase classname="functional_tests.testOne" name="test_1" time="1.865"/>
  <testcase classname="functional_tests.testOne" name="test_2" time="1.144"/>
</testsuite> <!-- functional_tests.testOne -->
