<?xml version="1.0" encoding="UTF-8"?>
<!-- Generated by org.testng.reporters.JUnitReportReporter -->
<testsuite hostname="LAPTOP-BP0AMP3I" failures="0" tests="2" name="functional_tests.GetAndPostExamples" time="4.012" errors="0" timestamp="2024-12-15T12:58:38 SGT" skipped="0">
  <testcase classname="functional_tests.GetAndPostExamples" name="testPost" time="0.507"/>
  <testcase classname="functional_tests.GetAndPostExamples" name="testGet" time="3.505"/>
</testsuite> <!-- functional_tests.GetAndPostExamples -->
